This file contains any messages produced by compilers while
running configure, to aid debugging if configure makes a mistake.

It was created by Yate-BTS configure 5.0.1, which was
generated by GNU Autoconf 2.69.  Invocation command line was

  $ ./configure 

## --------- ##
## Platform. ##
## --------- ##

hostname = ubuntu
uname -m = i686
uname -r = 3.13.0-32-generic
uname -s = Linux
uname -v = #57~precise1-Ubuntu SMP Tue Jul 15 03:50:54 UTC 2014

/usr/bin/uname -p = unknown
/bin/uname -X     = unknown

/bin/arch              = unknown
/usr/bin/arch -k       = unknown
/usr/convex/getsysinfo = unknown
/usr/bin/hostinfo      = unknown
/bin/machine           = unknown
/usr/bin/oslevel       = unknown
/bin/universe          = unknown

PATH: /usr/lib/lightdm/lightdm
PATH: /usr/local/sbin
PATH: /usr/local/bin
PATH: /usr/sbin
PATH: /usr/bin
PATH: /sbin
PATH: /bin
PATH: /usr/games


## ----------- ##
## Core tests. ##
## ----------- ##

configure:2270: checking for local operating system type
configure:2274: result: Linux
configure:2336: checking for g++
configure:2352: found /usr/bin/g++
configure:2363: result: g++
configure:2390: checking for C++ compiler version
configure:2399: g++ --version >&5
g++ (Ubuntu/Linaro 4.6.3-1ubuntu5) 4.6.3
Copyright (C) 2011 Free Software Foundation, Inc.
This is free software; see the source for copying conditions.  There is NO
warranty; not even for MERCHANTABILITY or FITNESS FOR A PARTICULAR PURPOSE.

configure:2410: $? = 0
configure:2399: g++ -v >&5
Using built-in specs.
COLLECT_GCC=g++
COLLECT_LTO_WRAPPER=/usr/lib/gcc/i686-linux-gnu/4.6/lto-wrapper
Target: i686-linux-gnu
Configured with: ../src/configure -v --with-pkgversion='Ubuntu/Linaro 4.6.3-1ubuntu5' --with-bugurl=file:///usr/share/doc/gcc-4.6/README.Bugs --enable-languages=c,c++,fortran,objc,obj-c++ --prefix=/usr --program-suffix=-4.6 --enable-shared --enable-linker-build-id --with-system-zlib --libexecdir=/usr/lib --without-included-gettext --enable-threads=posix --with-gxx-include-dir=/usr/include/c++/4.6 --libdir=/usr/lib --enable-nls --with-sysroot=/ --enable-clocale=gnu --enable-libstdcxx-debug --enable-libstdcxx-time=yes --enable-gnu-unique-object --enable-plugin --enable-objc-gc --enable-targets=all --disable-werror --with-arch-32=i686 --with-tune=generic --enable-checking=release --build=i686-linux-gnu --host=i686-linux-gnu --target=i686-linux-gnu
Thread model: posix
gcc version 4.6.3 (Ubuntu/Linaro 4.6.3-1ubuntu5) 
configure:2410: $? = 0
configure:2399: g++ -V >&5
g++: error: unrecognized option '-V'
g++: fatal error: no input files
compilation terminated.
configure:2410: $? = 4
configure:2399: g++ -qversion >&5
g++: error: unrecognized option '-qversion'
g++: fatal error: no input files
compilation terminated.
configure:2410: $? = 4
configure:2430: checking whether the C++ compiler works
configure:2452: g++    conftest.cpp  >&5
configure:2456: $? = 0
configure:2504: result: yes
configure:2507: checking for C++ compiler default output file name
configure:2509: result: a.out
configure:2515: checking for suffix of executables
configure:2522: g++ -o conftest    conftest.cpp  >&5
configure:2526: $? = 0
configure:2548: result: 
configure:2570: checking whether we are cross compiling
configure:2578: g++ -o conftest    conftest.cpp  >&5
configure:2582: $? = 0
configure:2589: ./conftest
configure:2593: $? = 0
configure:2608: result: no
configure:2613: checking for suffix of object files
configure:2635: g++ -c   conftest.cpp >&5
configure:2639: $? = 0
configure:2660: result: o
configure:2664: checking whether we are using the GNU C++ compiler
configure:2683: g++ -c   conftest.cpp >&5
configure:2683: $? = 0
configure:2692: result: yes
configure:2701: checking whether g++ accepts -g
configure:2721: g++ -c -g  conftest.cpp >&5
configure:2721: $? = 0
configure:2762: result: yes
configure:2833: checking for gcc
configure:2849: found /usr/bin/gcc
configure:2860: result: gcc
configure:3089: checking for C compiler version
configure:3098: gcc --version >&5
gcc (Ubuntu/Linaro 4.6.3-1ubuntu5) 4.6.3
Copyright (C) 2011 Free Software Foundation, Inc.
This is free software; see the source for copying conditions.  There is NO
warranty; not even for MERCHANTABILITY or FITNESS FOR A PARTICULAR PURPOSE.

configure:3109: $? = 0
configure:3098: gcc -v >&5
Using built-in specs.
COLLECT_GCC=gcc
COLLECT_LTO_WRAPPER=/usr/lib/gcc/i686-linux-gnu/4.6/lto-wrapper
Target: i686-linux-gnu
Configured with: ../src/configure -v --with-pkgversion='Ubuntu/Linaro 4.6.3-1ubuntu5' --with-bugurl=file:///usr/share/doc/gcc-4.6/README.Bugs --enable-languages=c,c++,fortran,objc,obj-c++ --prefix=/usr --program-suffix=-4.6 --enable-shared --enable-linker-build-id --with-system-zlib --libexecdir=/usr/lib --without-included-gettext --enable-threads=posix --with-gxx-include-dir=/usr/include/c++/4.6 --libdir=/usr/lib --enable-nls --with-sysroot=/ --enable-clocale=gnu --enable-libstdcxx-debug --enable-libstdcxx-time=yes --enable-gnu-unique-object --enable-plugin --enable-objc-gc --enable-targets=all --disable-werror --with-arch-32=i686 --with-tune=generic --enable-checking=release --build=i686-linux-gnu --host=i686-linux-gnu --target=i686-linux-gnu
Thread model: posix
gcc version 4.6.3 (Ubuntu/Linaro 4.6.3-1ubuntu5) 
configure:3109: $? = 0
configure:3098: gcc -V >&5
gcc: error: unrecognized option '-V'
gcc: fatal error: no input files
compilation terminated.
configure:3109: $? = 4
configure:3098: gcc -qversion >&5
gcc: error: unrecognized option '-qversion'
gcc: fatal error: no input files
compilation terminated.
configure:3109: $? = 4
configure:3113: checking whether we are using the GNU C compiler
configure:3132: gcc -c   conftest.c >&5
configure:3132: $? = 0
configure:3141: result: yes
configure:3150: checking whether gcc accepts -g
configure:3170: gcc -c -g  conftest.c >&5
configure:3170: $? = 0
configure:3211: result: yes
configure:3228: checking for gcc option to accept ISO C89
configure:3291: gcc  -c -g -O2  conftest.c >&5
configure:3291: $? = 0
configure:3304: result: none needed
configure:3328: checking for gawk
configure:3358: result: no
configure:3328: checking for mawk
configure:3344: found /usr/bin/mawk
configure:3355: result: mawk
configure:3379: checking for sed command to use
configure:3388: result: sed
configure:3393: checking for an ANSI C-conforming const
configure:3459: gcc -c  -O2  conftest.c >&5
configure:3459: $? = 0
configure:3466: result: yes
configure:3474: checking for inline
configure:3490: gcc -c  -O2  conftest.c >&5
configure:3490: $? = 0
configure:3498: result: inline
configure:3521: checking how to run the C preprocessor
configure:3552: gcc -E  conftest.c
configure:3552: $? = 0
configure:3566: gcc -E  conftest.c
conftest.c:9:28: fatal error: ac_nonexistent.h: No such file or directory
compilation terminated.
configure:3566: $? = 1
configure: failed program was:
| /* confdefs.h */
| #define PACKAGE_NAME "Yate-BTS"
| #define PACKAGE_TARNAME "yate-bts"
| #define PACKAGE_VERSION "5.0.1"
| #define PACKAGE_STRING "Yate-BTS 5.0.1"
| #define PACKAGE_BUGREPORT ""
| #define PACKAGE_URL ""
| /* end confdefs.h.  */
| #include <ac_nonexistent.h>
configure:3591: result: gcc -E
configure:3611: gcc -E  conftest.c
configure:3611: $? = 0
configure:3625: gcc -E  conftest.c
conftest.c:9:28: fatal error: ac_nonexistent.h: No such file or directory
compilation terminated.
configure:3625: $? = 1
configure: failed program was:
| /* confdefs.h */
| #define PACKAGE_NAME "Yate-BTS"
| #define PACKAGE_TARNAME "yate-bts"
| #define PACKAGE_VERSION "5.0.1"
| #define PACKAGE_STRING "Yate-BTS 5.0.1"
| #define PACKAGE_BUGREPORT ""
| #define PACKAGE_URL ""
| /* end confdefs.h.  */
| #include <ac_nonexistent.h>
configure:3654: checking for grep that handles long lines and -e
configure:3712: result: /bin/grep
configure:3717: checking for egrep
configure:3779: result: /bin/grep -E
configure:3784: checking for ANSI C header files
configure:3804: gcc -c  -O2  conftest.c >&5
configure:3804: $? = 0
configure:3877: gcc -o conftest  -O2   conftest.c  >&5
configure:3877: $? = 0
configure:3877: ./conftest
configure:3877: $? = 0
configure:3888: result: yes
configure:3901: checking for sys/types.h
configure:3901: gcc -c  -O2  conftest.c >&5
configure:3901: $? = 0
configure:3901: result: yes
configure:3901: checking for sys/stat.h
configure:3901: gcc -c  -O2  conftest.c >&5
configure:3901: $? = 0
configure:3901: result: yes
configure:3901: checking for stdlib.h
configure:3901: gcc -c  -O2  conftest.c >&5
configure:3901: $? = 0
configure:3901: result: yes
configure:3901: checking for string.h
configure:3901: gcc -c  -O2  conftest.c >&5
configure:3901: $? = 0
configure:3901: result: yes
configure:3901: checking for memory.h
configure:3901: gcc -c  -O2  conftest.c >&5
configure:3901: $? = 0
configure:3901: result: yes
configure:3901: checking for strings.h
configure:3901: gcc -c  -O2  conftest.c >&5
configure:3901: $? = 0
configure:3901: result: yes
configure:3901: checking for inttypes.h
configure:3901: gcc -c  -O2  conftest.c >&5
configure:3901: $? = 0
configure:3901: result: yes
configure:3901: checking for stdint.h
configure:3901: gcc -c  -O2  conftest.c >&5
configure:3901: $? = 0
configure:3901: result: yes
configure:3901: checking for unistd.h
configure:3901: gcc -c  -O2  conftest.c >&5
configure:3901: $? = 0
configure:3901: result: yes
configure:3913: checking for size_t
configure:3913: gcc -c  -O2  conftest.c >&5
configure:3913: $? = 0
configure:3913: gcc -c  -O2  conftest.c >&5
conftest.c: In function 'main':
conftest.c:55:21: error: expected expression before ')' token
configure:3913: $? = 1
configure: failed program was:
| /* confdefs.h */
| #define PACKAGE_NAME "Yate-BTS"
| #define PACKAGE_TARNAME "yate-bts"
| #define PACKAGE_VERSION "5.0.1"
| #define PACKAGE_STRING "Yate-BTS 5.0.1"
| #define PACKAGE_BUGREPORT ""
| #define PACKAGE_URL ""
| #define STDC_HEADERS 1
| #define HAVE_SYS_TYPES_H 1
| #define HAVE_SYS_STAT_H 1
| #define HAVE_STDLIB_H 1
| #define HAVE_STRING_H 1
| #define HAVE_MEMORY_H 1
| #define HAVE_STRINGS_H 1
| #define HAVE_INTTYPES_H 1
| #define HAVE_STDINT_H 1
| #define HAVE_UNISTD_H 1
| /* end confdefs.h.  */
| #include <stdio.h>
| #ifdef HAVE_SYS_TYPES_H
| # include <sys/types.h>
| #endif
| #ifdef HAVE_SYS_STAT_H
| # include <sys/stat.h>
| #endif
| #ifdef STDC_HEADERS
| # include <stdlib.h>
| # include <stddef.h>
| #else
| # ifdef HAVE_STDLIB_H
| #  include <stdlib.h>
| # endif
| #endif
| #ifdef HAVE_STRING_H
| # if !defined STDC_HEADERS && defined HAVE_MEMORY_H
| #  include <memory.h>
| # endif
| # include <string.h>
| #endif
| #ifdef HAVE_STRINGS_H
| # include <strings.h>
| #endif
| #ifdef HAVE_INTTYPES_H
| # include <inttypes.h>
| #endif
| #ifdef HAVE_STDINT_H
| # include <stdint.h>
| #endif
| #ifdef HAVE_UNISTD_H
| # include <unistd.h>
| #endif
| int
| main ()
| {
| if (sizeof ((size_t)))
| 	    return 0;
|   ;
|   return 0;
| }
configure:3913: result: yes
configure:3924: checking whether time.h and sys/time.h may both be included
configure:3944: gcc -c  -O2  conftest.c >&5
configure:3944: $? = 0
configure:3951: result: yes
configure:3959: checking whether byte ordering is bigendian
configure:3974: gcc -c  -O2  conftest.c >&5
conftest.c:21:9: error: unknown type name 'not'
conftest.c:21:15: error: expected '=', ',', ';', 'asm' or '__attribute__' before 'universal'
conftest.c:21:15: error: unknown type name 'universal'
configure:3974: $? = 1
configure: failed program was:
| /* confdefs.h */
| #define PACKAGE_NAME "Yate-BTS"
| #define PACKAGE_TARNAME "yate-bts"
| #define PACKAGE_VERSION "5.0.1"
| #define PACKAGE_STRING "Yate-BTS 5.0.1"
| #define PACKAGE_BUGREPORT ""
| #define PACKAGE_URL ""
| #define STDC_HEADERS 1
| #define HAVE_SYS_TYPES_H 1
| #define HAVE_SYS_STAT_H 1
| #define HAVE_STDLIB_H 1
| #define HAVE_STRING_H 1
| #define HAVE_MEMORY_H 1
| #define HAVE_STRINGS_H 1
| #define HAVE_INTTYPES_H 1
| #define HAVE_STDINT_H 1
| #define HAVE_UNISTD_H 1
| #define TIME_WITH_SYS_TIME 1
| /* end confdefs.h.  */
| #ifndef __APPLE_CC__
| 	       not a universal capable compiler
| 	     #endif
| 	     typedef int dummy;
| 
configure:4019: gcc -c  -O2  conftest.c >&5
configure:4019: $? = 0
configure:4037: gcc -c  -O2  conftest.c >&5
conftest.c: In function 'main':
conftest.c:27:4: error: unknown type name 'not'
conftest.c:27:12: error: expected '=', ',', ';', 'asm' or '__attribute__' before 'endian'
configure:4037: $? = 1
configure: failed program was:
| /* confdefs.h */
| #define PACKAGE_NAME "Yate-BTS"
| #define PACKAGE_TARNAME "yate-bts"
| #define PACKAGE_VERSION "5.0.1"
| #define PACKAGE_STRING "Yate-BTS 5.0.1"
| #define PACKAGE_BUGREPORT ""
| #define PACKAGE_URL ""
| #define STDC_HEADERS 1
| #define HAVE_SYS_TYPES_H 1
| #define HAVE_SYS_STAT_H 1
| #define HAVE_STDLIB_H 1
| #define HAVE_STRING_H 1
| #define HAVE_MEMORY_H 1
| #define HAVE_STRINGS_H 1
| #define HAVE_INTTYPES_H 1
| #define HAVE_STDINT_H 1
| #define HAVE_UNISTD_H 1
| #define TIME_WITH_SYS_TIME 1
| /* end confdefs.h.  */
| #include <sys/types.h>
| 		#include <sys/param.h>
| 
| int
| main ()
| {
| #if BYTE_ORDER != BIG_ENDIAN
| 		 not big endian
| 		#endif
| 
|   ;
|   return 0;
| }
configure:4165: result: no
configure:4188: checking sys/socket.h usability
configure:4188: gcc -c  -O2 -DLITTLE_ENDIAN  conftest.c >&5
configure:4188: $? = 0
configure:4188: result: yes
configure:4188: checking sys/socket.h presence
configure:4188: gcc -E  conftest.c
configure:4188: $? = 0
configure:4188: result: yes
configure:4188: checking for sys/socket.h
configure:4188: result: yes
configure:4188: checking sys/time.h usability
configure:4188: gcc -c  -O2 -DLITTLE_ENDIAN  conftest.c >&5
configure:4188: $? = 0
configure:4188: result: yes
configure:4188: checking sys/time.h presence
configure:4188: gcc -E  conftest.c
configure:4188: $? = 0
configure:4188: result: yes
configure:4188: checking for sys/time.h
configure:4188: result: yes
configure:4188: checking pthread.h usability
configure:4188: gcc -c  -O2 -DLITTLE_ENDIAN  conftest.c >&5
configure:4188: $? = 0
configure:4188: result: yes
configure:4188: checking pthread.h presence
configure:4188: gcc -E  conftest.c
configure:4188: $? = 0
configure:4188: result: yes
configure:4188: checking for pthread.h
configure:4188: result: yes
configure:4188: checking syslog.h usability
configure:4188: gcc -c  -O2 -DLITTLE_ENDIAN  conftest.c >&5
configure:4188: $? = 0
configure:4188: result: yes
configure:4188: checking syslog.h presence
configure:4188: gcc -E  conftest.c
configure:4188: $? = 0
configure:4188: result: yes
configure:4188: checking for syslog.h
configure:4188: result: yes
configure:4203: checking for openlog
configure:4203: gcc -o conftest  -O2 -DLITTLE_ENDIAN   conftest.c  >&5
configure:4203: $? = 0
configure:4203: result: yes
configure:4203: checking for syslog
configure:4203: gcc -o conftest  -O2 -DLITTLE_ENDIAN   conftest.c  >&5
configure:4203: $? = 0
configure:4203: result: yes
configure:4219: checking byteswap.h usability
configure:4219: gcc -c  -O2 -DLITTLE_ENDIAN  conftest.c >&5
configure:4219: $? = 0
configure:4219: result: yes
configure:4219: checking byteswap.h presence
configure:4219: gcc -E  conftest.c
configure:4219: $? = 0
configure:4219: result: yes
configure:4219: checking for byteswap.h
configure:4219: result: yes
configure:4219: checking sys/prctl.h usability
configure:4219: gcc -c  -O2 -DLITTLE_ENDIAN  conftest.c >&5
configure:4219: $? = 0
configure:4219: result: yes
configure:4219: checking sys/prctl.h presence
configure:4219: gcc -E  conftest.c
configure:4219: $? = 0
configure:4219: result: yes
configure:4219: checking for sys/prctl.h
configure:4219: result: yes
configure:4326: checking for USRP1 support using pkg-config
configure:4341: result: no
configure:4345: checking usrp/usrp_standard.h usability
configure:4345: gcc -c  -O2 -DLITTLE_ENDIAN  conftest.c >&5
conftest.c:61:32: fatal error: usrp/usrp_standard.h: No such file or directory
compilation terminated.
configure:4345: $? = 1
configure: failed program was:
| /* confdefs.h */
| #define PACKAGE_NAME "Yate-BTS"
| #define PACKAGE_TARNAME "yate-bts"
| #define PACKAGE_VERSION "5.0.1"
| #define PACKAGE_STRING "Yate-BTS 5.0.1"
| #define PACKAGE_BUGREPORT ""
| #define PACKAGE_URL ""
| #define STDC_HEADERS 1
| #define HAVE_SYS_TYPES_H 1
| #define HAVE_SYS_STAT_H 1
| #define HAVE_STDLIB_H 1
| #define HAVE_STRING_H 1
| #define HAVE_MEMORY_H 1
| #define HAVE_STRINGS_H 1
| #define HAVE_INTTYPES_H 1
| #define HAVE_STDINT_H 1
| #define HAVE_UNISTD_H 1
| #define TIME_WITH_SYS_TIME 1
| #define HAVE_SYS_SOCKET_H 1
| #define HAVE_SYS_TIME_H 1
| #define HAVE_PTHREAD_H 1
| #define HAVE_SYSLOG_H 1
| #define HAVE_OPENLOG 1
| #define HAVE_SYSLOG 1
| #define HAVE_BYTESWAP_H 1
| #define HAVE_SYS_PRCTL_H 1
| /* end confdefs.h.  */
| #include <stdio.h>
| #ifdef HAVE_SYS_TYPES_H
| # include <sys/types.h>
| #endif
| #ifdef HAVE_SYS_STAT_H
| # include <sys/stat.h>
| #endif
| #ifdef STDC_HEADERS
| # include <stdlib.h>
| # include <stddef.h>
| #else
| # ifdef HAVE_STDLIB_H
| #  include <stdlib.h>
| # endif
| #endif
| #ifdef HAVE_STRING_H
| # if !defined STDC_HEADERS && defined HAVE_MEMORY_H
| #  include <memory.h>
| # endif
| # include <string.h>
| #endif
| #ifdef HAVE_STRINGS_H
| # include <strings.h>
| #endif
| #ifdef HAVE_INTTYPES_H
| # include <inttypes.h>
| #endif
| #ifdef HAVE_STDINT_H
| # include <stdint.h>
| #endif
| #ifdef HAVE_UNISTD_H
| # include <unistd.h>
| #endif
| #include <usrp/usrp_standard.h>
configure:4345: result: no
configure:4345: checking usrp/usrp_standard.h presence
configure:4345: gcc -E  conftest.c
conftest.c:28:32: fatal error: usrp/usrp_standard.h: No such file or directory
compilation terminated.
configure:4345: $? = 1
configure: failed program was:
| /* confdefs.h */
| #define PACKAGE_NAME "Yate-BTS"
| #define PACKAGE_TARNAME "yate-bts"
| #define PACKAGE_VERSION "5.0.1"
| #define PACKAGE_STRING "Yate-BTS 5.0.1"
| #define PACKAGE_BUGREPORT ""
| #define PACKAGE_URL ""
| #define STDC_HEADERS 1
| #define HAVE_SYS_TYPES_H 1
| #define HAVE_SYS_STAT_H 1
| #define HAVE_STDLIB_H 1
| #define HAVE_STRING_H 1
| #define HAVE_MEMORY_H 1
| #define HAVE_STRINGS_H 1
| #define HAVE_INTTYPES_H 1
| #define HAVE_STDINT_H 1
| #define HAVE_UNISTD_H 1
| #define TIME_WITH_SYS_TIME 1
| #define HAVE_SYS_SOCKET_H 1
| #define HAVE_SYS_TIME_H 1
| #define HAVE_PTHREAD_H 1
| #define HAVE_SYSLOG_H 1
| #define HAVE_OPENLOG 1
| #define HAVE_SYSLOG 1
| #define HAVE_BYTESWAP_H 1
| #define HAVE_SYS_PRCTL_H 1
| /* end confdefs.h.  */
| #include <usrp/usrp_standard.h>
configure:4345: result: no
configure:4345: checking for usrp/usrp_standard.h
configure:4345: result: no
configure:4379: checking for UHD support using pkg-config
configure:4387: result: 003.009.005-release
configure:4429: checking for bladeRF support using pkg-config
configure:4437: result: 1.7.2-2016.06-1-ppaprecise
configure:4472: checking libusb-1.0/libusb.h usability
configure:4472: gcc -c  -O2 -DLITTLE_ENDIAN  conftest.c >&5
configure:4472: $? = 0
configure:4472: result: yes
configure:4472: checking libusb-1.0/libusb.h presence
configure:4472: gcc -E  conftest.c
configure:4472: $? = 0
configure:4472: result: yes
configure:4472: checking for libusb-1.0/libusb.h
configure:4472: result: yes
configure:4738: creating ./config.status

## ---------------------- ##
## Running config.status. ##
## ---------------------- ##

This file was extended by Yate-BTS config.status 5.0.1, which was
generated by GNU Autoconf 2.69.  Invocation command line was

  CONFIG_FILES    = 
  CONFIG_HEADERS  = 
  CONFIG_LINKS    = 
  CONFIG_COMMANDS = 
  $ ./config.status 

on ubuntu

config.status:870: creating yate-bts.spec
config.status:870: creating Makefile
config.status:870: creating mbts/A53/Makefile
config.status:870: creating mbts/CLI/Makefile
config.status:870: creating mbts/CommonLibs/Makefile
config.status:870: creating mbts/Connection/Makefile
config.status:870: creating mbts/Control/Makefile
config.status:870: creating mbts/GPRS/Makefile
config.status:870: creating mbts/GSM/Makefile
config.status:870: creating mbts/Globals/Makefile
config.status:870: creating mbts/Peering/Makefile
config.status:870: creating mbts/SGSNGGSN/Makefile
config.status:870: creating mbts/TRXManager/Makefile
config.status:870: creating mbts/Transceiver52M/Makefile
config.status:870: creating mbts/TransceiverRAD1/Makefile
config.status:870: creating mbts/sqlite3/Makefile
config.status:870: creating mbts/apps/Makefile
config.status:870: creating roaming/Makefile
config.status:870: creating nib/Makefile
config.status:870: creating nib/auth/Makefile
config.status:870: creating config.h
config.status:1040: config.h is unchanged

## ---------------- ##
## Cache variables. ##
## ---------------- ##

ac_cv_c_bigendian=no
ac_cv_c_compiler_gnu=yes
ac_cv_c_const=yes
ac_cv_c_inline=inline
ac_cv_cxx_compiler_gnu=yes
ac_cv_env_CCC_set=
ac_cv_env_CCC_value=
ac_cv_env_CC_set=
ac_cv_env_CC_value=
ac_cv_env_CFLAGS_set=
ac_cv_env_CFLAGS_value=
ac_cv_env_CPPFLAGS_set=
ac_cv_env_CPPFLAGS_value=
ac_cv_env_CPP_set=
ac_cv_env_CPP_value=
ac_cv_env_CXXFLAGS_set=
ac_cv_env_CXXFLAGS_value=
ac_cv_env_CXX_set=
ac_cv_env_CXX_value=
ac_cv_env_LDFLAGS_set=
ac_cv_env_LDFLAGS_value=
ac_cv_env_LIBS_set=
ac_cv_env_LIBS_value=
ac_cv_env_build_alias_set=
ac_cv_env_build_alias_value=
ac_cv_env_host_alias_set=
ac_cv_env_host_alias_value=
ac_cv_env_target_alias_set=
ac_cv_env_target_alias_value=
ac_cv_func_openlog=yes
ac_cv_func_syslog=yes
ac_cv_header_byteswap_h=yes
ac_cv_header_inttypes_h=yes
ac_cv_header_libusb_1_0_libusb_h=yes
ac_cv_header_memory_h=yes
ac_cv_header_pthread_h=yes
ac_cv_header_stdc=yes
ac_cv_header_stdint_h=yes
ac_cv_header_stdlib_h=yes
ac_cv_header_string_h=yes
ac_cv_header_strings_h=yes
ac_cv_header_sys_prctl_h=yes
ac_cv_header_sys_socket_h=yes
ac_cv_header_sys_stat_h=yes
ac_cv_header_sys_time_h=yes
ac_cv_header_sys_types_h=yes
ac_cv_header_syslog_h=yes
ac_cv_header_time=yes
ac_cv_header_unistd_h=yes
ac_cv_header_usrp_usrp_standard_h=no
ac_cv_objext=o
ac_cv_path_EGREP='/bin/grep -E'
ac_cv_path_GREP=/bin/grep
ac_cv_prog_AWK=mawk
ac_cv_prog_CPP='gcc -E'
ac_cv_prog_ac_ct_CC=gcc
ac_cv_prog_ac_ct_CXX=g++
ac_cv_prog_cc_c89=
ac_cv_prog_cc_g=yes
ac_cv_prog_cxx_g=yes
ac_cv_type_size_t=yes
ac_cv_use_yate=yes

## ----------------- ##
## Output variables. ##
## ----------------- ##

AWK='mawk'
BRF_INC='-I/usr/include/  '
BRF_LIB='-L/usr/lib/i386-linux-gnu/ -lbladeRF  '
CC='gcc'
CFLAGS=' -O2 -DLITTLE_ENDIAN'
CONFIGURE_FILES=' Makefile mbts/A53/Makefile mbts/CLI/Makefile mbts/CommonLibs/Makefile mbts/Connection/Makefile mbts/Control/Makefile mbts/GPRS/Makefile mbts/GSM/Makefile mbts/Globals/Makefile mbts/Peering/Makefile mbts/SGSNGGSN/Makefile mbts/TRXManager/Makefile mbts/Transceiver52M/Makefile mbts/TransceiverRAD1/Makefile mbts/sqlite3/Makefile mbts/apps/Makefile roaming/Makefile nib/Makefile nib/auth/Makefile config.h config.status config.log'
CPP='gcc -E'
CPPFLAGS=''
CXX='g++'
CXXFLAGS='-g -O2'
DEFS='-DHAVE_CONFIG_H'
ECHO_C=''
ECHO_N='-n'
ECHO_T=''
EGREP='/bin/grep -E'
EXEEXT=''
GREP='/bin/grep'
HAVE_BRF='yes'
HAVE_RAD1='yes'
HAVE_SSE3='no'
HAVE_SSE41='no'
HAVE_UHD='yes'
HAVE_USB='yes'
HAVE_USRP1='no'
INSTALL_D=''
INSTALL_L=''
LDFLAGS=''
LIBOBJS=''
LIBS=''
LTLIBOBJS=''
OBJEXT='o'
PACKAGE_BUGREPORT=''
PACKAGE_NAME='Yate-BTS'
PACKAGE_RELEASE='1'
PACKAGE_REVISION=''
PACKAGE_STATUS='devel'
PACKAGE_STRING='Yate-BTS 5.0.1'
PACKAGE_TARNAME='yate-bts'
PACKAGE_URL=''
PACKAGE_VERSION='5.0.1'
PACKAGE_VERSION_BUILD='1'
PACKAGE_VERSION_MAJOR='5'
PACKAGE_VERSION_MINOR='0'
PACKAGE_VERSION_RELEASE='1'
PATH_SEPARATOR=':'
SHELL='/bin/bash'
THREAD_LIB=''
UHD_INC=' '
UHD_LIB='-luhd  '
USB_INC=''
USB_LIB='-lusb-1.0'
USRP1_INC=''
USRP1_LIB='-lusrp'
YATE_CFG=''
YATE_DEF=''
YATE_INC=''
YATE_LIB=''
YATE_LNK=''
YATE_MOD=''
YATE_REQ='5.5.1'
YATE_SCR=''
YATE_SHR=''
YATE_STR=''
YATE_VER=''
ac_ct_CC='gcc'
ac_ct_CXX='g++'
bindir='${exec_prefix}/bin'
build_alias=''
datadir='${datarootdir}'
datarootdir='${prefix}/share'
docdir='${datarootdir}/doc/${PACKAGE_TARNAME}'
dvidir='${docdir}'
exec_prefix='${prefix}'
host_alias=''
htmldir='${docdir}'
includedir='${prefix}/include'
infodir='${datarootdir}/info'
libdir='${exec_prefix}/lib'
libexecdir='${exec_prefix}/libexec'
localedir='${datarootdir}/locale'
localstatedir='${prefix}/var'
mandir='${datarootdir}/man'
oldincludedir='/usr/include'
pdfdir='${docdir}'
prefix='/usr/local'
program_transform_name='s,x,x,'
psdir='${docdir}'
sbindir='${exec_prefix}/sbin'
sharedstatedir='${prefix}/com'
sysconfdir='${prefix}/etc'
target_alias=''

## ----------- ##
## confdefs.h. ##
## ----------- ##

/* confdefs.h */
#define PACKAGE_NAME "Yate-BTS"
#define PACKAGE_TARNAME "yate-bts"
#define PACKAGE_VERSION "5.0.1"
#define PACKAGE_STRING "Yate-BTS 5.0.1"
#define PACKAGE_BUGREPORT ""
#define PACKAGE_URL ""
#define STDC_HEADERS 1
#define HAVE_SYS_TYPES_H 1
#define HAVE_SYS_STAT_H 1
#define HAVE_STDLIB_H 1
#define HAVE_STRING_H 1
#define HAVE_MEMORY_H 1
#define HAVE_STRINGS_H 1
#define HAVE_INTTYPES_H 1
#define HAVE_STDINT_H 1
#define HAVE_UNISTD_H 1
#define TIME_WITH_SYS_TIME 1
#define HAVE_SYS_SOCKET_H 1
#define HAVE_SYS_TIME_H 1
#define HAVE_PTHREAD_H 1
#define HAVE_SYSLOG_H 1
#define HAVE_OPENLOG 1
#define HAVE_SYSLOG 1
#define HAVE_BYTESWAP_H 1
#define HAVE_SYS_PRCTL_H 1
#define HAVE_LIBUSB_1_0_LIBUSB_H 1

configure: exit 0
